Traceback (most recent call last):
  File "C:\Users\alujan\miniconda3\envs\multinterp-dev\lib\site-packages\jupyter_cache\executors\utils.py", line 58, in single_nb_execution
    executenb(
  File "C:\Users\alujan\miniconda3\envs\multinterp-dev\lib\site-packages\nbclient\client.py", line 1204, in execute
    return NotebookClient(nb=nb, resources=resources, km=km, **kwargs).execute()
  File "C:\Users\alujan\miniconda3\envs\multinterp-dev\lib\site-packages\nbclient\util.py", line 84, in wrapped
    return just_run(coro(*args, **kwargs))
  File "C:\Users\alujan\miniconda3\envs\multinterp-dev\lib\site-packages\nbclient\util.py", line 62, in just_run
    return loop.run_until_complete(coro)
  File "C:\Users\alujan\miniconda3\envs\multinterp-dev\lib\asyncio\base_events.py", line 649, in run_until_complete
    return future.result()
  File "C:\Users\alujan\miniconda3\envs\multinterp-dev\lib\site-packages\nbclient\client.py", line 663, in async_execute
    await self.async_execute_cell(
  File "C:\Users\alujan\miniconda3\envs\multinterp-dev\lib\site-packages\nbclient\client.py", line 965, in async_execute_cell
    await self._check_raise_for_error(cell, cell_index, exec_reply)
  File "C:\Users\alujan\miniconda3\envs\multinterp-dev\lib\site-packages\nbclient\client.py", line 862, in _check_raise_for_error
    raise CellExecutionError.from_cell_and_msg(cell, exec_reply_content)
nbclient.exceptions.CellExecutionError: An error occurred while executing the following cell:
------------------
gpu_interp = MultivariateInterp(z_mat, [x_grid, y_grid], target="gpu")
z_gpu_interp = gpu_interp(x_new, y_new).get()  # Get the result from GPU

fig, ax = plt.subplots(subplot_kw={"projection": "3d"})
ax.plot_surface(x_new, y_new, z_gpu_interp)
plt.show()
------------------

[1;31m---------------------------------------------------------------------------[0m
[1;31mValueError[0m                                Traceback (most recent call last)
Cell [1;32mIn[11], line 1[0m
[1;32m----> 1[0m gpu_interp [38;5;241m=[39m [43mMultivariateInterp[49m[43m([49m[43mz_mat[49m[43m,[49m[43m [49m[43m[[49m[43mx_grid[49m[43m,[49m[43m [49m[43my_grid[49m[43m][49m[43m,[49m[43m [49m[43mtarget[49m[38;5;241;43m=[39;49m[38;5;124;43m"[39;49m[38;5;124;43mgpu[39;49m[38;5;124;43m"[39;49m[43m)[49m
[0;32m      2[0m z_gpu_interp [38;5;241m=[39m gpu_interp(x_new, y_new)[38;5;241m.[39mget()  [38;5;66;03m# Get the result from GPU[39;00m
[0;32m      4[0m fig, ax [38;5;241m=[39m plt[38;5;241m.[39msubplots(subplot_kw[38;5;241m=[39m{[38;5;124m"[39m[38;5;124mprojection[39m[38;5;124m"[39m: [38;5;124m"[39m[38;5;124m3d[39m[38;5;124m"[39m})

File [1;32m~\miniconda3\envs\multinterp-dev\lib\site-packages\HARK\interpolation\_multi.py:81[0m, in [0;36mMultivariateInterp.__init__[1;34m(self, values, grids, target, **kwargs)[0m
[0;32m     80[0m [38;5;28;01mdef[39;00m [38;5;21m__init__[39m([38;5;28mself[39m, values, grids, target[38;5;241m=[39m[38;5;124m"[39m[38;5;124mcpu[39m[38;5;124m"[39m, [38;5;241m*[39m[38;5;241m*[39mkwargs):
[1;32m---> 81[0m     [38;5;28msuper[39m()[38;5;241m.[39m[38;5;21m__init__[39m(values, target[38;5;241m=[39mtarget, [38;5;241m*[39m[38;5;241m*[39mkwargs)
[0;32m     83[0m     [38;5;28;01mif[39;00m target [38;5;241m==[39m [38;5;124m"[39m[38;5;124mcpu[39m[38;5;124m"[39m:
[0;32m     84[0m         [38;5;28mself[39m[38;5;241m.[39mgrids [38;5;241m=[39m [np[38;5;241m.[39masarray(grid) [38;5;28;01mfor[39;00m grid [38;5;129;01min[39;00m grids]

File [1;32m~\miniconda3\envs\multinterp-dev\lib\site-packages\HARK\interpolation\_multi.py:32[0m, in [0;36m_RegularGridInterp.__init__[1;34m(self, values, target, **kwargs)[0m
[0;32m     30[0m [38;5;28;01mdef[39;00m [38;5;21m__init__[39m([38;5;28mself[39m, values, target[38;5;241m=[39m[38;5;124m"[39m[38;5;124mcpu[39m[38;5;124m"[39m, [38;5;241m*[39m[38;5;241m*[39mkwargs):
[0;32m     31[0m     [38;5;28;01mif[39;00m target [38;5;129;01mnot[39;00m [38;5;129;01min[39;00m AVAILABLE_TARGETS:
[1;32m---> 32[0m         [38;5;28;01mraise[39;00m [38;5;167;01mValueError[39;00m([38;5;124m"[39m[38;5;124mInvalid target.[39m[38;5;124m"[39m)
[0;32m     33[0m     [38;5;28mself[39m[38;5;241m.[39mtarget [38;5;241m=[39m target
[0;32m     35[0m     [38;5;28mself[39m[38;5;241m.[39mmc_kwargs [38;5;241m=[39m MC_KWARGS[38;5;241m.[39mcopy()

[1;31mValueError[0m: Invalid target.
ValueError: Invalid target.

