Traceback (most recent call last):
  File "C:\Users\alujan\miniconda3\envs\multinterp-dev\lib\site-packages\jupyter_cache\executors\utils.py", line 58, in single_nb_execution
    executenb(
  File "C:\Users\alujan\miniconda3\envs\multinterp-dev\lib\site-packages\nbclient\client.py", line 1204, in execute
    return NotebookClient(nb=nb, resources=resources, km=km, **kwargs).execute()
  File "C:\Users\alujan\miniconda3\envs\multinterp-dev\lib\site-packages\nbclient\util.py", line 84, in wrapped
    return just_run(coro(*args, **kwargs))
  File "C:\Users\alujan\miniconda3\envs\multinterp-dev\lib\site-packages\nbclient\util.py", line 62, in just_run
    return loop.run_until_complete(coro)
  File "C:\Users\alujan\miniconda3\envs\multinterp-dev\lib\asyncio\base_events.py", line 649, in run_until_complete
    return future.result()
  File "C:\Users\alujan\miniconda3\envs\multinterp-dev\lib\site-packages\nbclient\client.py", line 663, in async_execute
    await self.async_execute_cell(
  File "C:\Users\alujan\miniconda3\envs\multinterp-dev\lib\site-packages\nbclient\client.py", line 965, in async_execute_cell
    await self._check_raise_for_error(cell, cell_index, exec_reply)
  File "C:\Users\alujan\miniconda3\envs\multinterp-dev\lib\site-packages\nbclient\client.py", line 862, in _check_raise_for_error
    raise CellExecutionError.from_cell_and_msg(cell, exec_reply_content)
nbclient.exceptions.CellExecutionError: An error occurred while executing the following cell:
------------------
import numpy as np
import matplotlib.pyplot as plt
from HARK.interpolation._sklearn import GeneralizedRegressionUnstructuredInterp
from mpl_toolkits import mplot3d
------------------

[1;31m---------------------------------------------------------------------------[0m
[1;31mModuleNotFoundError[0m                       Traceback (most recent call last)
Cell [1;32mIn[1], line 3[0m
[0;32m      1[0m [38;5;28;01mimport[39;00m [38;5;21;01mnumpy[39;00m [38;5;28;01mas[39;00m [38;5;21;01mnp[39;00m
[0;32m      2[0m [38;5;28;01mimport[39;00m [38;5;21;01mmatplotlib[39;00m[38;5;21;01m.[39;00m[38;5;21;01mpyplot[39;00m [38;5;28;01mas[39;00m [38;5;21;01mplt[39;00m
[1;32m----> 3[0m [38;5;28;01mfrom[39;00m [38;5;21;01mHARK[39;00m[38;5;21;01m.[39;00m[38;5;21;01minterpolation[39;00m[38;5;21;01m.[39;00m[38;5;21;01m_sklearn[39;00m [38;5;28;01mimport[39;00m GeneralizedRegressionUnstructuredInterp
[0;32m      4[0m [38;5;28;01mfrom[39;00m [38;5;21;01mmpl_toolkits[39;00m [38;5;28;01mimport[39;00m mplot3d

File [1;32m~\miniconda3\envs\multinterp-dev\lib\site-packages\HARK\interpolation\_sklearn.py:2[0m
[0;32m      1[0m [38;5;28;01mimport[39;00m [38;5;21;01mnumpy[39;00m [38;5;28;01mas[39;00m [38;5;21;01mnp[39;00m
[1;32m----> 2[0m [38;5;28;01mfrom[39;00m [38;5;21;01msklearn[39;00m[38;5;21;01m.[39;00m[38;5;21;01mgaussian_process[39;00m [38;5;28;01mimport[39;00m GaussianProcessRegressor
[0;32m      3[0m [38;5;28;01mfrom[39;00m [38;5;21;01msklearn[39;00m[38;5;21;01m.[39;00m[38;5;21;01mkernel_ridge[39;00m [38;5;28;01mimport[39;00m KernelRidge
[0;32m      4[0m [38;5;28;01mfrom[39;00m [38;5;21;01msklearn[39;00m[38;5;21;01m.[39;00m[38;5;21;01mlinear_model[39;00m [38;5;28;01mimport[39;00m ElasticNet, ElasticNetCV, SGDRegressor

[1;31mModuleNotFoundError[0m: No module named 'sklearn'
ModuleNotFoundError: No module named 'sklearn'

